2022-03-10 11:52:50.091  INFO 24528 --- [restartedMain] com.hebeu.Application                    : Starting Application using Java 17.0.2 on DESKTOP-FVFR10R with PID 24528 (D:\OneDrive - mydehome\Backup Data\Jinops\backend\parent\manager\controller\target\classes started by Smoadrareun in D:\OneDrive - mydehome\Backup Data\Jinops)
2022-03-10 11:52:50.111  INFO 24528 --- [restartedMain] com.hebeu.Application                    : No active profile set, falling back to 1 default profile: "default"
2022-03-10 11:52:50.265  INFO 24528 --- [restartedMain] .e.DevToolsPropertyDefaultsPostProcessor : Devtools property defaults active! Set 'spring.devtools.add-properties' to 'false' to disable
2022-03-10 11:52:50.265  INFO 24528 --- [restartedMain] .e.DevToolsPropertyDefaultsPostProcessor : For additional web related logging consider setting the 'logging.level.web' property to 'DEBUG'
2022-03-10 11:52:52.188 ERROR 24528 --- [restartedMain] o.s.b.d.LoggingFailureAnalysisReporter   : 

***************************
APPLICATION FAILED TO START
***************************

Description:

An attempt was made to call a method that does not exist. The attempt was made from the following location:

    org.springframework.boot.sql.init.dependency.AnnotationDependsOnDatabaseInitializationDetector.detect(AnnotationDependsOnDatabaseInitializationDetector.java:36)

The following method did not exist:

    'java.lang.annotation.Annotation org.springframework.beans.factory.config.ConfigurableListableBeanFactory.findAnnotationOnBean(java.lang.String, java.lang.Class, boolean)'

The calling method's class, org.springframework.boot.sql.init.dependency.AnnotationDependsOnDatabaseInitializationDetector, was loaded from the following location:

    jar:file:/D:/Study/IntelliJ%20IDEA/plugins/maven/repository/org/springframework/boot/spring-boot/2.6.4/spring-boot-2.6.4.jar!/org/springframework/boot/sql/init/dependency/AnnotationDependsOnDatabaseInitializationDetector.class

The called method's class, org.springframework.beans.factory.config.ConfigurableListableBeanFactory, is available from the following locations:

    jar:file:/D:/Study/IntelliJ%20IDEA/plugins/maven/repository/org/springframework/spring-beans/5.3.12/spring-beans-5.3.12.jar!/org/springframework/beans/factory/config/ConfigurableListableBeanFactory.class

The called method's class hierarchy was loaded from the following locations:

    org.springframework.beans.factory.config.ConfigurableListableBeanFactory: file:/D:/Study/IntelliJ%20IDEA/plugins/maven/repository/org/springframework/spring-beans/5.3.12/spring-beans-5.3.12.jar


Action:

Correct the classpath of your application so that it contains compatible versions of the classes org.springframework.boot.sql.init.dependency.AnnotationDependsOnDatabaseInitializationDetector and org.springframework.beans.factory.config.ConfigurableListableBeanFactory

2022-03-10 11:54:28.886  INFO 23296 --- [restartedMain] com.hebeu.Application                    : Starting Application using Java 17.0.2 on DESKTOP-FVFR10R with PID 23296 (D:\OneDrive - mydehome\Backup Data\Jinops\backend\parent\manager\controller\target\classes started by Smoadrareun in D:\OneDrive - mydehome\Backup Data\Jinops)
2022-03-10 11:54:28.888  INFO 23296 --- [restartedMain] com.hebeu.Application                    : No active profile set, falling back to 1 default profile: "default"
2022-03-10 11:54:28.948  INFO 23296 --- [restartedMain] .e.DevToolsPropertyDefaultsPostProcessor : Devtools property defaults active! Set 'spring.devtools.add-properties' to 'false' to disable
2022-03-10 11:54:28.948  INFO 23296 --- [restartedMain] .e.DevToolsPropertyDefaultsPostProcessor : For additional web related logging consider setting the 'logging.level.web' property to 'DEBUG'
2022-03-10 11:54:30.038 ERROR 23296 --- [restartedMain] o.s.b.d.LoggingFailureAnalysisReporter   : 

***************************
APPLICATION FAILED TO START
***************************

Description:

An attempt was made to call a method that does not exist. The attempt was made from the following location:

    org.springframework.boot.sql.init.dependency.AnnotationDependsOnDatabaseInitializationDetector.detect(AnnotationDependsOnDatabaseInitializationDetector.java:36)

The following method did not exist:

    'java.lang.annotation.Annotation org.springframework.beans.factory.config.ConfigurableListableBeanFactory.findAnnotationOnBean(java.lang.String, java.lang.Class, boolean)'

The calling method's class, org.springframework.boot.sql.init.dependency.AnnotationDependsOnDatabaseInitializationDetector, was loaded from the following location:

    jar:file:/D:/Study/IntelliJ%20IDEA/plugins/maven/repository/org/springframework/boot/spring-boot/2.6.4/spring-boot-2.6.4.jar!/org/springframework/boot/sql/init/dependency/AnnotationDependsOnDatabaseInitializationDetector.class

The called method's class, org.springframework.beans.factory.config.ConfigurableListableBeanFactory, is available from the following locations:

    jar:file:/D:/Study/IntelliJ%20IDEA/plugins/maven/repository/org/springframework/spring-beans/5.3.12/spring-beans-5.3.12.jar!/org/springframework/beans/factory/config/ConfigurableListableBeanFactory.class

The called method's class hierarchy was loaded from the following locations:

    org.springframework.beans.factory.config.ConfigurableListableBeanFactory: file:/D:/Study/IntelliJ%20IDEA/plugins/maven/repository/org/springframework/spring-beans/5.3.12/spring-beans-5.3.12.jar


Action:

Correct the classpath of your application so that it contains compatible versions of the classes org.springframework.boot.sql.init.dependency.AnnotationDependsOnDatabaseInitializationDetector and org.springframework.beans.factory.config.ConfigurableListableBeanFactory

2022-03-10 11:56:47.261  INFO 18696 --- [restartedMain] com.hebeu.Application                    : Starting Application using Java 17.0.2 on DESKTOP-FVFR10R with PID 18696 (D:\OneDrive - mydehome\Backup Data\Jinops\backend\parent\manager\controller\target\classes started by Smoadrareun in D:\OneDrive - mydehome\Backup Data\Jinops)
2022-03-10 11:56:47.263  INFO 18696 --- [restartedMain] com.hebeu.Application                    : No active profile set, falling back to 1 default profile: "default"
2022-03-10 11:56:47.332  INFO 18696 --- [restartedMain] .e.DevToolsPropertyDefaultsPostProcessor : Devtools property defaults active! Set 'spring.devtools.add-properties' to 'false' to disable
2022-03-10 11:56:47.332  INFO 18696 --- [restartedMain] .e.DevToolsPropertyDefaultsPostProcessor : For additional web related logging consider setting the 'logging.level.web' property to 'DEBUG'
2022-03-10 11:56:48.395 ERROR 18696 --- [restartedMain] o.s.b.d.LoggingFailureAnalysisReporter   : 

***************************
APPLICATION FAILED TO START
***************************

Description:

An attempt was made to call a method that does not exist. The attempt was made from the following location:

    org.springframework.boot.sql.init.dependency.AnnotationDependsOnDatabaseInitializationDetector.detect(AnnotationDependsOnDatabaseInitializationDetector.java:36)

The following method did not exist:

    'java.lang.annotation.Annotation org.springframework.beans.factory.config.ConfigurableListableBeanFactory.findAnnotationOnBean(java.lang.String, java.lang.Class, boolean)'

The calling method's class, org.springframework.boot.sql.init.dependency.AnnotationDependsOnDatabaseInitializationDetector, was loaded from the following location:

    jar:file:/D:/Study/IntelliJ%20IDEA/plugins/maven/repository/org/springframework/boot/spring-boot/2.6.4/spring-boot-2.6.4.jar!/org/springframework/boot/sql/init/dependency/AnnotationDependsOnDatabaseInitializationDetector.class

The called method's class, org.springframework.beans.factory.config.ConfigurableListableBeanFactory, is available from the following locations:

    jar:file:/D:/Study/IntelliJ%20IDEA/plugins/maven/repository/org/springframework/spring-beans/5.3.12/spring-beans-5.3.12.jar!/org/springframework/beans/factory/config/ConfigurableListableBeanFactory.class

The called method's class hierarchy was loaded from the following locations:

    org.springframework.beans.factory.config.ConfigurableListableBeanFactory: file:/D:/Study/IntelliJ%20IDEA/plugins/maven/repository/org/springframework/spring-beans/5.3.12/spring-beans-5.3.12.jar


Action:

Correct the classpath of your application so that it contains compatible versions of the classes org.springframework.boot.sql.init.dependency.AnnotationDependsOnDatabaseInitializationDetector and org.springframework.beans.factory.config.ConfigurableListableBeanFactory

2022-03-10 12:01:37.843  INFO 21636 --- [restartedMain] com.hebeu.Application                    : Starting Application using Java 17.0.2 on DESKTOP-FVFR10R with PID 21636 (D:\OneDrive - mydehome\Backup Data\Jinops\backend\parent\manager\controller\target\classes started by Smoadrareun in D:\OneDrive - mydehome\Backup Data\Jinops)
2022-03-10 12:01:37.846  INFO 21636 --- [restartedMain] com.hebeu.Application                    : No active profile set, falling back to 1 default profile: "default"
2022-03-10 12:01:37.959  INFO 21636 --- [restartedMain] .e.DevToolsPropertyDefaultsPostProcessor : Devtools property defaults active! Set 'spring.devtools.add-properties' to 'false' to disable
2022-03-10 12:01:37.959  INFO 21636 --- [restartedMain] .e.DevToolsPropertyDefaultsPostProcessor : For additional web related logging consider setting the 'logging.level.web' property to 'DEBUG'
2022-03-10 12:01:40.126 ERROR 21636 --- [restartedMain] o.s.b.d.LoggingFailureAnalysisReporter   : 

***************************
APPLICATION FAILED TO START
***************************

Description:

An attempt was made to call a method that does not exist. The attempt was made from the following location:

    org.springframework.boot.sql.init.dependency.AnnotationDependsOnDatabaseInitializationDetector.detect(AnnotationDependsOnDatabaseInitializationDetector.java:36)

The following method did not exist:

    'java.lang.annotation.Annotation org.springframework.beans.factory.config.ConfigurableListableBeanFactory.findAnnotationOnBean(java.lang.String, java.lang.Class, boolean)'

The calling method's class, org.springframework.boot.sql.init.dependency.AnnotationDependsOnDatabaseInitializationDetector, was loaded from the following location:

    jar:file:/D:/Study/IntelliJ%20IDEA/plugins/maven/repository/org/springframework/boot/spring-boot/2.6.4/spring-boot-2.6.4.jar!/org/springframework/boot/sql/init/dependency/AnnotationDependsOnDatabaseInitializationDetector.class

The called method's class, org.springframework.beans.factory.config.ConfigurableListableBeanFactory, is available from the following locations:

    jar:file:/D:/Study/IntelliJ%20IDEA/plugins/maven/repository/org/springframework/spring-beans/5.3.12/spring-beans-5.3.12.jar!/org/springframework/beans/factory/config/ConfigurableListableBeanFactory.class

The called method's class hierarchy was loaded from the following locations:

    org.springframework.beans.factory.config.ConfigurableListableBeanFactory: file:/D:/Study/IntelliJ%20IDEA/plugins/maven/repository/org/springframework/spring-beans/5.3.12/spring-beans-5.3.12.jar


Action:

Correct the classpath of your application so that it contains compatible versions of the classes org.springframework.boot.sql.init.dependency.AnnotationDependsOnDatabaseInitializationDetector and org.springframework.beans.factory.config.ConfigurableListableBeanFactory

2022-03-10 12:05:41.936  INFO 16616 --- [restartedMain] com.hebeu.Application                    : Starting Application using Java 17.0.2 on DESKTOP-FVFR10R with PID 16616 (D:\OneDrive - mydehome\Backup Data\Jinops\backend\parent\manager\controller\target\classes started by Smoadrareun in D:\OneDrive - mydehome\Backup Data\Jinops)
2022-03-10 12:05:41.938  INFO 16616 --- [restartedMain] com.hebeu.Application                    : No active profile set, falling back to default profiles: default
2022-03-10 12:05:42.014  INFO 16616 --- [restartedMain] .e.DevToolsPropertyDefaultsPostProcessor : Devtools property defaults active! Set 'spring.devtools.add-properties' to 'false' to disable
2022-03-10 12:05:42.014  INFO 16616 --- [restartedMain] .e.DevToolsPropertyDefaultsPostProcessor : For additional web related logging consider setting the 'logging.level.web' property to 'DEBUG'
2022-03-10 12:05:43.469  INFO 16616 --- [restartedMain] o.s.b.w.embedded.tomcat.TomcatWebServer  : Tomcat initialized with port(s): 8080 (http)
2022-03-10 12:05:43.481  INFO 16616 --- [restartedMain] o.apache.catalina.core.StandardService   : Starting service [Tomcat]
2022-03-10 12:05:43.481  INFO 16616 --- [restartedMain] org.apache.catalina.core.StandardEngine  : Starting Servlet engine: [Apache Tomcat/9.0.54]
2022-03-10 12:05:43.591  INFO 16616 --- [restartedMain] o.a.c.c.C.[Tomcat].[localhost].[/]       : Initializing Spring embedded WebApplicationContext
2022-03-10 12:05:43.592  INFO 16616 --- [restartedMain] w.s.c.ServletWebServerApplicationContext : Root WebApplicationContext: initialization completed in 1577 ms
2022-03-10 12:05:44.642  INFO 16616 --- [restartedMain] o.s.b.d.a.OptionalLiveReloadServer       : LiveReload server is running on port 35729
2022-03-10 12:05:44.704  INFO 16616 --- [restartedMain] o.s.b.w.embedded.tomcat.TomcatWebServer  : Tomcat started on port(s): 8080 (http) with context path ''
2022-03-10 12:05:44.716  INFO 16616 --- [restartedMain] com.hebeu.Application                    : Started Application in 3.541 seconds (JVM running for 4.889)
2022-03-10 12:05:45.579  INFO 16616 --- [http-nio-8080-exec-1] o.a.c.c.C.[Tomcat].[localhost].[/]       : Initializing Spring DispatcherServlet 'dispatcherServlet'
2022-03-10 12:05:45.581  INFO 16616 --- [http-nio-8080-exec-1] o.s.web.servlet.DispatcherServlet        : Initializing Servlet 'dispatcherServlet'
2022-03-10 12:05:45.584  INFO 16616 --- [http-nio-8080-exec-1] o.s.web.servlet.DispatcherServlet        : Completed initialization in 2 ms
2022-03-10 12:06:18.309  INFO 16616 --- [SpringApplicationShutdownHook] com.alibaba.druid.pool.DruidDataSource   : {dataSource-0} closing ...
2022-03-10 12:06:37.690  INFO 5844 --- [restartedMain] com.hebeu.Application                    : Starting Application using Java 17.0.2 on DESKTOP-FVFR10R with PID 5844 (D:\OneDrive - mydehome\Backup Data\Jinops\backend\parent\manager\controller\target\classes started by Smoadrareun in D:\OneDrive - mydehome\Backup Data\Jinops)
2022-03-10 12:06:37.692  INFO 5844 --- [restartedMain] com.hebeu.Application                    : No active profile set, falling back to 1 default profile: "default"
2022-03-10 12:06:37.771  INFO 5844 --- [restartedMain] .e.DevToolsPropertyDefaultsPostProcessor : Devtools property defaults active! Set 'spring.devtools.add-properties' to 'false' to disable
2022-03-10 12:06:37.772  INFO 5844 --- [restartedMain] .e.DevToolsPropertyDefaultsPostProcessor : For additional web related logging consider setting the 'logging.level.web' property to 'DEBUG'
2022-03-10 12:06:38.899 ERROR 5844 --- [restartedMain] o.s.b.d.LoggingFailureAnalysisReporter   : 

***************************
APPLICATION FAILED TO START
***************************

Description:

An attempt was made to call a method that does not exist. The attempt was made from the following location:

    org.springframework.boot.sql.init.dependency.AnnotationDependsOnDatabaseInitializationDetector.detect(AnnotationDependsOnDatabaseInitializationDetector.java:36)

The following method did not exist:

    'java.lang.annotation.Annotation org.springframework.beans.factory.config.ConfigurableListableBeanFactory.findAnnotationOnBean(java.lang.String, java.lang.Class, boolean)'

The calling method's class, org.springframework.boot.sql.init.dependency.AnnotationDependsOnDatabaseInitializationDetector, was loaded from the following location:

    jar:file:/D:/Study/IntelliJ%20IDEA/plugins/maven/repository/org/springframework/boot/spring-boot/2.6.4/spring-boot-2.6.4.jar!/org/springframework/boot/sql/init/dependency/AnnotationDependsOnDatabaseInitializationDetector.class

The called method's class, org.springframework.beans.factory.config.ConfigurableListableBeanFactory, is available from the following locations:

    jar:file:/D:/Study/IntelliJ%20IDEA/plugins/maven/repository/org/springframework/spring-beans/5.3.12/spring-beans-5.3.12.jar!/org/springframework/beans/factory/config/ConfigurableListableBeanFactory.class

The called method's class hierarchy was loaded from the following locations:

    org.springframework.beans.factory.config.ConfigurableListableBeanFactory: file:/D:/Study/IntelliJ%20IDEA/plugins/maven/repository/org/springframework/spring-beans/5.3.12/spring-beans-5.3.12.jar


Action:

Correct the classpath of your application so that it contains compatible versions of the classes org.springframework.boot.sql.init.dependency.AnnotationDependsOnDatabaseInitializationDetector and org.springframework.beans.factory.config.ConfigurableListableBeanFactory

2022-03-10 12:06:58.612  INFO 18076 --- [restartedMain] com.hebeu.Application                    : Starting Application using Java 17.0.2 on DESKTOP-FVFR10R with PID 18076 (D:\OneDrive - mydehome\Backup Data\Jinops\backend\parent\manager\controller\target\classes started by Smoadrareun in D:\OneDrive - mydehome\Backup Data\Jinops)
2022-03-10 12:06:58.614  INFO 18076 --- [restartedMain] com.hebeu.Application                    : No active profile set, falling back to 1 default profile: "default"
2022-03-10 12:06:58.681  INFO 18076 --- [restartedMain] .e.DevToolsPropertyDefaultsPostProcessor : Devtools property defaults active! Set 'spring.devtools.add-properties' to 'false' to disable
2022-03-10 12:06:58.681  INFO 18076 --- [restartedMain] .e.DevToolsPropertyDefaultsPostProcessor : For additional web related logging consider setting the 'logging.level.web' property to 'DEBUG'
2022-03-10 12:06:59.808 ERROR 18076 --- [restartedMain] o.s.b.d.LoggingFailureAnalysisReporter   : 

***************************
APPLICATION FAILED TO START
***************************

Description:

An attempt was made to call a method that does not exist. The attempt was made from the following location:

    org.springframework.boot.sql.init.dependency.AnnotationDependsOnDatabaseInitializationDetector.detect(AnnotationDependsOnDatabaseInitializationDetector.java:36)

The following method did not exist:

    'java.lang.annotation.Annotation org.springframework.beans.factory.config.ConfigurableListableBeanFactory.findAnnotationOnBean(java.lang.String, java.lang.Class, boolean)'

The calling method's class, org.springframework.boot.sql.init.dependency.AnnotationDependsOnDatabaseInitializationDetector, was loaded from the following location:

    jar:file:/D:/Study/IntelliJ%20IDEA/plugins/maven/repository/org/springframework/boot/spring-boot/2.6.4/spring-boot-2.6.4.jar!/org/springframework/boot/sql/init/dependency/AnnotationDependsOnDatabaseInitializationDetector.class

The called method's class, org.springframework.beans.factory.config.ConfigurableListableBeanFactory, is available from the following locations:

    jar:file:/D:/Study/IntelliJ%20IDEA/plugins/maven/repository/org/springframework/spring-beans/5.3.12/spring-beans-5.3.12.jar!/org/springframework/beans/factory/config/ConfigurableListableBeanFactory.class

The called method's class hierarchy was loaded from the following locations:

    org.springframework.beans.factory.config.ConfigurableListableBeanFactory: file:/D:/Study/IntelliJ%20IDEA/plugins/maven/repository/org/springframework/spring-beans/5.3.12/spring-beans-5.3.12.jar


Action:

Correct the classpath of your application so that it contains compatible versions of the classes org.springframework.boot.sql.init.dependency.AnnotationDependsOnDatabaseInitializationDetector and org.springframework.beans.factory.config.ConfigurableListableBeanFactory

2022-03-10 12:09:18.014  INFO 13572 --- [restartedMain] com.hebeu.Application                    : Starting Application using Java 17.0.2 on DESKTOP-FVFR10R with PID 13572 (D:\OneDrive - mydehome\Backup Data\Jinops\backend\parent\manager\controller\target\classes started by Smoadrareun in D:\OneDrive - mydehome\Backup Data\Jinops)
2022-03-10 12:09:18.015  INFO 13572 --- [restartedMain] com.hebeu.Application                    : No active profile set, falling back to 1 default profile: "default"
2022-03-10 12:09:18.083  INFO 13572 --- [restartedMain] .e.DevToolsPropertyDefaultsPostProcessor : Devtools property defaults active! Set 'spring.devtools.add-properties' to 'false' to disable
2022-03-10 12:09:18.083  INFO 13572 --- [restartedMain] .e.DevToolsPropertyDefaultsPostProcessor : For additional web related logging consider setting the 'logging.level.web' property to 'DEBUG'
2022-03-10 12:09:19.548  INFO 13572 --- [restartedMain] o.s.b.w.embedded.tomcat.TomcatWebServer  : Tomcat initialized with port(s): 8080 (http)
2022-03-10 12:09:19.558  INFO 13572 --- [restartedMain] o.apache.catalina.core.StandardService   : Starting service [Tomcat]
2022-03-10 12:09:19.559  INFO 13572 --- [restartedMain] org.apache.catalina.core.StandardEngine  : Starting Servlet engine: [Apache Tomcat/9.0.58]
2022-03-10 12:09:19.659  INFO 13572 --- [restartedMain] o.a.c.c.C.[Tomcat].[localhost].[/]       : Initializing Spring embedded WebApplicationContext
2022-03-10 12:09:19.659  INFO 13572 --- [restartedMain] w.s.c.ServletWebServerApplicationContext : Root WebApplicationContext: initialization completed in 1575 ms
2022-03-10 12:09:20.622  INFO 13572 --- [restartedMain] o.s.b.d.a.OptionalLiveReloadServer       : LiveReload server is running on port 35729
2022-03-10 12:09:20.682  INFO 13572 --- [restartedMain] o.s.b.w.embedded.tomcat.TomcatWebServer  : Tomcat started on port(s): 8080 (http) with context path ''
2022-03-10 12:09:20.693  INFO 13572 --- [restartedMain] com.hebeu.Application                    : Started Application in 3.392 seconds (JVM running for 4.674)
2022-03-10 12:09:21.285  INFO 13572 --- [http-nio-8080-exec-1] o.a.c.c.C.[Tomcat].[localhost].[/]       : Initializing Spring DispatcherServlet 'dispatcherServlet'
2022-03-10 12:09:21.286  INFO 13572 --- [http-nio-8080-exec-1] o.s.web.servlet.DispatcherServlet        : Initializing Servlet 'dispatcherServlet'
2022-03-10 12:09:21.287  INFO 13572 --- [http-nio-8080-exec-1] o.s.web.servlet.DispatcherServlet        : Completed initialization in 1 ms
2022-03-10 12:09:53.357  INFO 13572 --- [SpringApplicationShutdownHook] com.alibaba.druid.pool.DruidDataSource   : {dataSource-0} closing ...
2022-03-10 12:10:00.467  INFO 15648 --- [restartedMain] com.hebeu.Application                    : Starting Application using Java 17.0.2 on DESKTOP-FVFR10R with PID 15648 (D:\OneDrive - mydehome\Backup Data\Jinops\backend\parent\manager\controller\target\classes started by Smoadrareun in D:\OneDrive - mydehome\Backup Data\Jinops)
2022-03-10 12:10:00.470  INFO 15648 --- [restartedMain] com.hebeu.Application                    : No active profile set, falling back to 1 default profile: "default"
2022-03-10 12:10:00.534  INFO 15648 --- [restartedMain] .e.DevToolsPropertyDefaultsPostProcessor : Devtools property defaults active! Set 'spring.devtools.add-properties' to 'false' to disable
2022-03-10 12:10:00.534  INFO 15648 --- [restartedMain] .e.DevToolsPropertyDefaultsPostProcessor : For additional web related logging consider setting the 'logging.level.web' property to 'DEBUG'
2022-03-10 12:10:02.105  INFO 15648 --- [restartedMain] o.s.b.w.embedded.tomcat.TomcatWebServer  : Tomcat initialized with port(s): 8080 (http)
2022-03-10 12:10:02.116  INFO 15648 --- [restartedMain] o.apache.catalina.core.StandardService   : Starting service [Tomcat]
2022-03-10 12:10:02.116  INFO 15648 --- [restartedMain] org.apache.catalina.core.StandardEngine  : Starting Servlet engine: [Apache Tomcat/9.0.58]
2022-03-10 12:10:02.216  INFO 15648 --- [restartedMain] o.a.c.c.C.[Tomcat].[localhost].[/]       : Initializing Spring embedded WebApplicationContext
2022-03-10 12:10:02.217  INFO 15648 --- [restartedMain] w.s.c.ServletWebServerApplicationContext : Root WebApplicationContext: initialization completed in 1682 ms
2022-03-10 12:10:03.238  INFO 15648 --- [restartedMain] o.s.b.d.a.OptionalLiveReloadServer       : LiveReload server is running on port 35729
2022-03-10 12:10:03.303  INFO 15648 --- [restartedMain] o.s.b.w.embedded.tomcat.TomcatWebServer  : Tomcat started on port(s): 8080 (http) with context path ''
2022-03-10 12:10:03.317  INFO 15648 --- [restartedMain] com.hebeu.Application                    : Started Application in 3.693 seconds (JVM running for 6.091)
2022-03-10 12:10:03.954  INFO 15648 --- [http-nio-8080-exec-1] o.a.c.c.C.[Tomcat].[localhost].[/]       : Initializing Spring DispatcherServlet 'dispatcherServlet'
2022-03-10 12:10:03.955  INFO 15648 --- [http-nio-8080-exec-1] o.s.web.servlet.DispatcherServlet        : Initializing Servlet 'dispatcherServlet'
2022-03-10 12:10:03.958  INFO 15648 --- [http-nio-8080-exec-1] o.s.web.servlet.DispatcherServlet        : Completed initialization in 3 ms
2022-03-10 12:10:07.042  INFO 15648 --- [http-nio-8080-exec-10] com.alibaba.druid.pool.DruidDataSource   : {dataSource-1} inited
2022-03-10 12:10:51.707  INFO 15648 --- [SpringApplicationShutdownHook] com.alibaba.druid.pool.DruidDataSource   : {dataSource-1} closing ...
2022-03-10 12:10:51.710  INFO 15648 --- [SpringApplicationShutdownHook] com.alibaba.druid.pool.DruidDataSource   : {dataSource-1} closed
2022-03-10 12:11:05.013  INFO 8196 --- [restartedMain] com.hebeu.Application                    : Starting Application using Java 17.0.2 on DESKTOP-FVFR10R with PID 8196 (D:\OneDrive - mydehome\Backup Data\Jinops\backend\parent\manager\controller\target\classes started by Smoadrareun in D:\OneDrive - mydehome\Backup Data\Jinops)
2022-03-10 12:11:05.016  INFO 8196 --- [restartedMain] com.hebeu.Application                    : No active profile set, falling back to 1 default profile: "default"
2022-03-10 12:11:05.083  INFO 8196 --- [restartedMain] .e.DevToolsPropertyDefaultsPostProcessor : Devtools property defaults active! Set 'spring.devtools.add-properties' to 'false' to disable
2022-03-10 12:11:05.084  INFO 8196 --- [restartedMain] .e.DevToolsPropertyDefaultsPostProcessor : For additional web related logging consider setting the 'logging.level.web' property to 'DEBUG'
2022-03-10 12:11:06.927  INFO 8196 --- [restartedMain] o.s.b.w.embedded.tomcat.TomcatWebServer  : Tomcat initialized with port(s): 8080 (http)
2022-03-10 12:11:06.941  INFO 8196 --- [restartedMain] o.apache.catalina.core.StandardService   : Starting service [Tomcat]
2022-03-10 12:11:06.941  INFO 8196 --- [restartedMain] org.apache.catalina.core.StandardEngine  : Starting Servlet engine: [Apache Tomcat/9.0.58]
2022-03-10 12:11:07.049  INFO 8196 --- [restartedMain] o.a.c.c.C.[Tomcat].[localhost].[/]       : Initializing Spring embedded WebApplicationContext
2022-03-10 12:11:07.049  INFO 8196 --- [restartedMain] w.s.c.ServletWebServerApplicationContext : Root WebApplicationContext: initialization completed in 1965 ms
2022-03-10 12:11:08.287  INFO 8196 --- [restartedMain] o.s.b.d.a.OptionalLiveReloadServer       : LiveReload server is running on port 35729
2022-03-10 12:11:08.358  INFO 8196 --- [restartedMain] o.s.b.w.embedded.tomcat.TomcatWebServer  : Tomcat started on port(s): 8080 (http) with context path ''
2022-03-10 12:11:08.370  INFO 8196 --- [restartedMain] com.hebeu.Application                    : Started Application in 4.126 seconds (JVM running for 5.423)
2022-03-10 12:11:09.116  INFO 8196 --- [http-nio-8080-exec-1] o.a.c.c.C.[Tomcat].[localhost].[/]       : Initializing Spring DispatcherServlet 'dispatcherServlet'
2022-03-10 12:11:09.116  INFO 8196 --- [http-nio-8080-exec-1] o.s.web.servlet.DispatcherServlet        : Initializing Servlet 'dispatcherServlet'
2022-03-10 12:11:09.119  INFO 8196 --- [http-nio-8080-exec-1] o.s.web.servlet.DispatcherServlet        : Completed initialization in 3 ms
2022-03-10 12:12:43.036  INFO 8196 --- [SpringApplicationShutdownHook] com.alibaba.druid.pool.DruidDataSource   : {dataSource-0} closing ...
2022-03-10 12:13:12.774  INFO 4884 --- [restartedMain] com.hebeu.Application                    : Starting Application using Java 17.0.2 on DESKTOP-FVFR10R with PID 4884 (D:\OneDrive - mydehome\Backup Data\Jinops\backend\parent\manager\controller\target\classes started by Smoadrareun in D:\OneDrive - mydehome\Backup Data\Jinops)
2022-03-10 12:13:12.776  INFO 4884 --- [restartedMain] com.hebeu.Application                    : No active profile set, falling back to 1 default profile: "default"
2022-03-10 12:13:12.821  INFO 4884 --- [restartedMain] .e.DevToolsPropertyDefaultsPostProcessor : Devtools property defaults active! Set 'spring.devtools.add-properties' to 'false' to disable
2022-03-10 12:13:12.822  INFO 4884 --- [restartedMain] .e.DevToolsPropertyDefaultsPostProcessor : For additional web related logging consider setting the 'logging.level.web' property to 'DEBUG'
2022-03-10 12:13:14.148  INFO 4884 --- [restartedMain] o.s.b.w.embedded.tomcat.TomcatWebServer  : Tomcat initialized with port(s): 8080 (http)
2022-03-10 12:13:14.159  INFO 4884 --- [restartedMain] o.apache.catalina.core.StandardService   : Starting service [Tomcat]
2022-03-10 12:13:14.159  INFO 4884 --- [restartedMain] org.apache.catalina.core.StandardEngine  : Starting Servlet engine: [Apache Tomcat/9.0.58]
2022-03-10 12:13:14.258  INFO 4884 --- [restartedMain] o.a.c.c.C.[Tomcat].[localhost].[/]       : Initializing Spring embedded WebApplicationContext
2022-03-10 12:13:14.258  INFO 4884 --- [restartedMain] w.s.c.ServletWebServerApplicationContext : Root WebApplicationContext: initialization completed in 1436 ms
2022-03-10 12:13:15.337  INFO 4884 --- [restartedMain] o.s.b.d.a.OptionalLiveReloadServer       : LiveReload server is running on port 35729
2022-03-10 12:13:15.407  INFO 4884 --- [restartedMain] o.s.b.w.embedded.tomcat.TomcatWebServer  : Tomcat started on port(s): 8080 (http) with context path ''
2022-03-10 12:13:15.419  INFO 4884 --- [restartedMain] com.hebeu.Application                    : Started Application in 3.197 seconds (JVM running for 4.217)
2022-03-10 12:13:15.969  INFO 4884 --- [http-nio-8080-exec-1] o.a.c.c.C.[Tomcat].[localhost].[/]       : Initializing Spring DispatcherServlet 'dispatcherServlet'
2022-03-10 12:13:15.971  INFO 4884 --- [http-nio-8080-exec-1] o.s.web.servlet.DispatcherServlet        : Initializing Servlet 'dispatcherServlet'
2022-03-10 12:13:15.988  INFO 4884 --- [http-nio-8080-exec-1] o.s.web.servlet.DispatcherServlet        : Completed initialization in 17 ms
2022-03-10 12:19:30.519  INFO 4884 --- [SpringApplicationShutdownHook] com.alibaba.druid.pool.DruidDataSource   : {dataSource-0} closing ...
2022-03-10 15:16:02.562  INFO 12856 --- [restartedMain] com.hebeu.Application                    : Starting Application using Java 17.0.2 on DESKTOP-FVFR10R with PID 12856 (D:\OneDrive - mydehome\Backup Data\Jinops\backend\parent\manager\controller\target\classes started by Smoadrareun in D:\OneDrive - mydehome\Backup Data\Jinops)
2022-03-10 15:16:02.564  INFO 12856 --- [restartedMain] com.hebeu.Application                    : No active profile set, falling back to 1 default profile: "default"
2022-03-10 15:16:02.694  INFO 12856 --- [restartedMain] .e.DevToolsPropertyDefaultsPostProcessor : Devtools property defaults active! Set 'spring.devtools.add-properties' to 'false' to disable
2022-03-10 15:16:02.694  INFO 12856 --- [restartedMain] .e.DevToolsPropertyDefaultsPostProcessor : For additional web related logging consider setting the 'logging.level.web' property to 'DEBUG'
2022-03-10 15:16:05.281  INFO 12856 --- [restartedMain] o.s.b.w.embedded.tomcat.TomcatWebServer  : Tomcat initialized with port(s): 8080 (http)
2022-03-10 15:16:05.311  INFO 12856 --- [restartedMain] o.apache.catalina.core.StandardService   : Starting service [Tomcat]
2022-03-10 15:16:05.311  INFO 12856 --- [restartedMain] org.apache.catalina.core.StandardEngine  : Starting Servlet engine: [Apache Tomcat/9.0.58]
2022-03-10 15:16:05.437  INFO 12856 --- [restartedMain] o.a.c.c.C.[Tomcat].[localhost].[/]       : Initializing Spring embedded WebApplicationContext
2022-03-10 15:16:05.437  INFO 12856 --- [restartedMain] w.s.c.ServletWebServerApplicationContext : Root WebApplicationContext: initialization completed in 2742 ms
2022-03-10 15:16:06.988  INFO 12856 --- [restartedMain] o.s.b.d.a.OptionalLiveReloadServer       : LiveReload server is running on port 35729
2022-03-10 15:16:07.107  INFO 12856 --- [restartedMain] o.s.b.w.embedded.tomcat.TomcatWebServer  : Tomcat started on port(s): 8080 (http) with context path ''
2022-03-10 15:16:07.123  INFO 12856 --- [restartedMain] com.hebeu.Application                    : Started Application in 5.696 seconds (JVM running for 9.434)
2022-03-10 15:16:08.234  INFO 12856 --- [http-nio-8080-exec-1] o.a.c.c.C.[Tomcat].[localhost].[/]       : Initializing Spring DispatcherServlet 'dispatcherServlet'
2022-03-10 15:16:08.240  INFO 12856 --- [http-nio-8080-exec-1] o.s.web.servlet.DispatcherServlet        : Initializing Servlet 'dispatcherServlet'
2022-03-10 15:16:08.246  INFO 12856 --- [http-nio-8080-exec-1] o.s.web.servlet.DispatcherServlet        : Completed initialization in 4 ms
2022-03-10 15:16:13.555  INFO 12856 --- [http-nio-8080-exec-3] com.alibaba.druid.pool.DruidDataSource   : {dataSource-1} inited
2022-03-10 15:30:36.379  INFO 12856 --- [Thread-5] com.alibaba.druid.pool.DruidDataSource   : {dataSource-1} closing ...
2022-03-10 15:30:36.408  INFO 12856 --- [Thread-5] com.alibaba.druid.pool.DruidDataSource   : {dataSource-1} closed
2022-03-10 15:30:36.626  INFO 12856 --- [restartedMain] com.hebeu.Application                    : Starting Application using Java 17.0.2 on DESKTOP-FVFR10R with PID 12856 (D:\OneDrive - mydehome\Backup Data\Jinops\backend\parent\manager\controller\target\classes started by Smoadrareun in D:\OneDrive - mydehome\Backup Data\Jinops)
2022-03-10 15:30:36.626  INFO 12856 --- [restartedMain] com.hebeu.Application                    : No active profile set, falling back to 1 default profile: "default"
2022-03-10 15:30:37.259  INFO 12856 --- [restartedMain] o.s.b.w.embedded.tomcat.TomcatWebServer  : Tomcat initialized with port(s): 8080 (http)
2022-03-10 15:30:37.260  INFO 12856 --- [restartedMain] o.apache.catalina.core.StandardService   : Starting service [Tomcat]
2022-03-10 15:30:37.260  INFO 12856 --- [restartedMain] org.apache.catalina.core.StandardEngine  : Starting Servlet engine: [Apache Tomcat/9.0.58]
2022-03-10 15:30:37.301  INFO 12856 --- [restartedMain] o.a.c.c.C.[Tomcat].[localhost].[/]       : Initializing Spring embedded WebApplicationContext
2022-03-10 15:30:37.301  INFO 12856 --- [restartedMain] w.s.c.ServletWebServerApplicationContext : Root WebApplicationContext: initialization completed in 669 ms
2022-03-10 15:30:37.713  INFO 12856 --- [restartedMain] o.s.b.d.a.OptionalLiveReloadServer       : LiveReload server is running on port 35729
2022-03-10 15:30:37.745  INFO 12856 --- [restartedMain] o.s.b.w.embedded.tomcat.TomcatWebServer  : Tomcat started on port(s): 8080 (http) with context path ''
2022-03-10 15:30:37.750  INFO 12856 --- [restartedMain] com.hebeu.Application                    : Started Application in 1.238 seconds (JVM running for 880.061)
2022-03-10 15:30:37.751  INFO 12856 --- [restartedMain] .ConditionEvaluationDeltaLoggingListener : Condition evaluation unchanged
2022-03-10 15:30:38.322  INFO 12856 --- [http-nio-8080-exec-1] o.a.c.c.C.[Tomcat].[localhost].[/]       : Initializing Spring DispatcherServlet 'dispatcherServlet'
2022-03-10 15:30:38.324  INFO 12856 --- [http-nio-8080-exec-1] o.s.web.servlet.DispatcherServlet        : Initializing Servlet 'dispatcherServlet'
2022-03-10 15:30:38.326  INFO 12856 --- [http-nio-8080-exec-1] o.s.web.servlet.DispatcherServlet        : Completed initialization in 2 ms
2022-03-10 15:31:45.676  INFO 12856 --- [Thread-7] com.alibaba.druid.pool.DruidDataSource   : {dataSource-0} closing ...
2022-03-10 17:11:06.629  INFO 23044 --- [restartedMain] com.hebeu.Application                    : Starting Application using Java 17.0.2 on DESKTOP-FVFR10R with PID 23044 (D:\OneDrive - mydehome\Backup Data\Jinops\backend\parent\manager\controller\target\classes started by Smoadrareun in D:\OneDrive - mydehome\Backup Data\Jinops)
2022-03-10 17:11:06.631  INFO 23044 --- [restartedMain] com.hebeu.Application                    : No active profile set, falling back to 1 default profile: "default"
2022-03-10 17:11:06.740  INFO 23044 --- [restartedMain] .e.DevToolsPropertyDefaultsPostProcessor : Devtools property defaults active! Set 'spring.devtools.add-properties' to 'false' to disable
2022-03-10 17:11:06.741  INFO 23044 --- [restartedMain] .e.DevToolsPropertyDefaultsPostProcessor : For additional web related logging consider setting the 'logging.level.web' property to 'DEBUG'
2022-03-10 17:11:09.844  INFO 23044 --- [restartedMain] o.s.b.w.embedded.tomcat.TomcatWebServer  : Tomcat initialized with port(s): 8080 (http)
2022-03-10 17:11:09.938  INFO 23044 --- [restartedMain] o.apache.catalina.core.StandardService   : Starting service [Tomcat]
2022-03-10 17:11:09.938  INFO 23044 --- [restartedMain] org.apache.catalina.core.StandardEngine  : Starting Servlet engine: [Apache Tomcat/9.0.58]
2022-03-10 17:11:10.098  INFO 23044 --- [restartedMain] o.a.c.c.C.[Tomcat].[localhost].[/]       : Initializing Spring embedded WebApplicationContext
2022-03-10 17:11:10.099  INFO 23044 --- [restartedMain] w.s.c.ServletWebServerApplicationContext : Root WebApplicationContext: initialization completed in 3357 ms
2022-03-10 17:11:12.275  INFO 23044 --- [restartedMain] o.s.b.d.a.OptionalLiveReloadServer       : LiveReload server is running on port 35729
2022-03-10 17:11:12.404  INFO 23044 --- [restartedMain] o.s.b.w.embedded.tomcat.TomcatWebServer  : Tomcat started on port(s): 8080 (http) with context path ''
2022-03-10 17:11:12.420  INFO 23044 --- [restartedMain] com.hebeu.Application                    : Started Application in 7.419 seconds (JVM running for 11.612)
2022-03-10 17:11:13.587  INFO 23044 --- [http-nio-8080-exec-1] o.a.c.c.C.[Tomcat].[localhost].[/]       : Initializing Spring DispatcherServlet 'dispatcherServlet'
2022-03-10 17:11:13.588  INFO 23044 --- [http-nio-8080-exec-1] o.s.web.servlet.DispatcherServlet        : Initializing Servlet 'dispatcherServlet'
2022-03-10 17:11:13.594  INFO 23044 --- [http-nio-8080-exec-1] o.s.web.servlet.DispatcherServlet        : Completed initialization in 5 ms
